0 info it worked if it ends with ok
1 verbose cli [ '/usr/local/bin/node',
1 verbose cli   '/usr/local/bin/npm',
1 verbose cli   'install',
1 verbose cli   'babel-jest',
1 verbose cli   '--save-dev' ]
2 info using npm@2.14.12
3 info using node@v4.2.4
4 verbose install initial load of /Users/ben/git/side-projects/react/react-server-experiment/package.json
5 warn package.json react-server-experiment@0.1.0 No repository field.
6 verbose installManyTop reading scoped package data from /Users/ben/git/side-projects/react/react-server-experiment/node_modules/babel-core/package.json
7 verbose installManyTop reading scoped package data from /Users/ben/git/side-projects/react/react-server-experiment/node_modules/babel-eslint/package.json
8 verbose installManyTop reading scoped package data from /Users/ben/git/side-projects/react/react-server-experiment/node_modules/babel-loader/package.json
9 verbose installManyTop reading scoped package data from /Users/ben/git/side-projects/react/react-server-experiment/node_modules/babel-preset-es2015/package.json
10 verbose installManyTop reading scoped package data from /Users/ben/git/side-projects/react/react-server-experiment/node_modules/babel-preset-react/package.json
11 verbose installManyTop reading scoped package data from /Users/ben/git/side-projects/react/react-server-experiment/node_modules/eslint/package.json
12 verbose installManyTop reading scoped package data from /Users/ben/git/side-projects/react/react-server-experiment/node_modules/eslint-loader/package.json
13 verbose installManyTop reading scoped package data from /Users/ben/git/side-projects/react/react-server-experiment/node_modules/eslint-plugin-react/package.json
14 verbose installManyTop reading scoped package data from /Users/ben/git/side-projects/react/react-server-experiment/node_modules/html-webpack-plugin/package.json
15 verbose installManyTop reading scoped package data from /Users/ben/git/side-projects/react/react-server-experiment/node_modules/http-server/package.json
16 verbose installManyTop reading scoped package data from /Users/ben/git/side-projects/react/react-server-experiment/node_modules/index.html/package.json
17 verbose installManyTop reading scoped package data from /Users/ben/git/side-projects/react/react-server-experiment/node_modules/jest-cli/package.json
18 verbose installManyTop reading scoped package data from /Users/ben/git/side-projects/react/react-server-experiment/node_modules/jsx-loader/package.json
19 verbose installManyTop reading scoped package data from /Users/ben/git/side-projects/react/react-server-experiment/node_modules/react/package.json
20 verbose installManyTop reading scoped package data from /Users/ben/git/side-projects/react/react-server-experiment/node_modules/react-dom/package.json
21 verbose installManyTop reading scoped package data from /Users/ben/git/side-projects/react/react-server-experiment/node_modules/redux/package.json
22 verbose installManyTop reading scoped package data from /Users/ben/git/side-projects/react/react-server-experiment/node_modules/webpack/package.json
23 verbose installManyTop reading scoped package data from /Users/ben/git/side-projects/react/react-server-experiment/node_modules/webpack-dev-server/package.json
24 info package.json jsx-loader@0.13.2 license should be a valid SPDX license expression
25 verbose readDependencies loading dependencies from /Users/ben/git/side-projects/react/react-server-experiment/package.json
26 silly cache add args [ 'babel-jest', null ]
27 verbose cache add spec babel-jest
28 silly cache add parsed spec Result {
28 silly cache add   raw: 'babel-jest',
28 silly cache add   scope: null,
28 silly cache add   name: 'babel-jest',
28 silly cache add   rawSpec: '',
28 silly cache add   spec: 'latest',
28 silly cache add   type: 'tag' }
29 silly addNamed babel-jest@latest
30 verbose addNamed "latest" is being treated as a dist-tag for babel-jest
31 info addNameTag [ 'babel-jest', 'latest' ]
32 silly mapToRegistry name babel-jest
33 silly mapToRegistry using default registry
34 silly mapToRegistry registry https://registry.npmjs.org/
35 silly mapToRegistry uri https://registry.npmjs.org/babel-jest
36 verbose addNameTag registry:https://registry.npmjs.org/babel-jest not in flight; fetching
37 verbose request uri https://registry.npmjs.org/babel-jest
38 verbose request no auth needed
39 info attempt registry request try #1 at 3:40:58 PM
40 verbose request id ba3717aa767b1f4a
41 http request GET https://registry.npmjs.org/babel-jest
42 http 200 https://registry.npmjs.org/babel-jest
43 verbose headers { server: 'CouchDB/1.5.0 (Erlang OTP/R16B03)',
43 verbose headers   etag: '"CA51A7P76N19I6H4OJ0V158EQ"',
43 verbose headers   'content-type': 'application/json',
43 verbose headers   'cache-control': 'max-age=300',
43 verbose headers   'content-length': '8343',
43 verbose headers   'accept-ranges': 'bytes',
43 verbose headers   date: 'Mon, 04 Jan 2016 14:40:56 GMT',
43 verbose headers   via: '1.1 varnish',
43 verbose headers   age: '0',
43 verbose headers   connection: 'keep-alive',
43 verbose headers   'x-served-by': 'cache-ams4126-AMS',
43 verbose headers   'x-cache': 'HIT',
43 verbose headers   'x-cache-hits': '1',
43 verbose headers   'x-timer': 'S1451918456.635021,VS0,VE103',
43 verbose headers   vary: 'Accept' }
44 silly get cb [ 200,
44 silly get   { server: 'CouchDB/1.5.0 (Erlang OTP/R16B03)',
44 silly get     etag: '"CA51A7P76N19I6H4OJ0V158EQ"',
44 silly get     'content-type': 'application/json',
44 silly get     'cache-control': 'max-age=300',
44 silly get     'content-length': '8343',
44 silly get     'accept-ranges': 'bytes',
44 silly get     date: 'Mon, 04 Jan 2016 14:40:56 GMT',
44 silly get     via: '1.1 varnish',
44 silly get     age: '0',
44 silly get     connection: 'keep-alive',
44 silly get     'x-served-by': 'cache-ams4126-AMS',
44 silly get     'x-cache': 'HIT',
44 silly get     'x-cache-hits': '1',
44 silly get     'x-timer': 'S1451918456.635021,VS0,VE103',
44 silly get     vary: 'Accept' } ]
45 verbose get saving babel-jest to /Users/ben/.npm/registry.npmjs.org/babel-jest/.cache.json
46 silly addNameTag next cb for babel-jest with tag latest
47 silly addNamed babel-jest@6.0.1
48 verbose addNamed "6.0.1" is a plain semver version for babel-jest
49 silly mapToRegistry name babel-jest
50 silly mapToRegistry using default registry
51 silly mapToRegistry registry https://registry.npmjs.org/
52 silly mapToRegistry uri https://registry.npmjs.org/babel-jest
53 verbose addRemoteTarball https://registry.npmjs.org/babel-jest/-/babel-jest-6.0.1.tgz not in flight; adding
54 verbose addRemoteTarball [ 'https://registry.npmjs.org/babel-jest/-/babel-jest-6.0.1.tgz',
54 verbose addRemoteTarball   '313463ad2376d88e4b6b132644cbbcf7aa563221' ]
55 info retry fetch attempt 1 at 3:40:58 PM
56 info attempt registry request try #1 at 3:40:58 PM
57 http fetch GET https://registry.npmjs.org/babel-jest/-/babel-jest-6.0.1.tgz
58 http fetch 200 https://registry.npmjs.org/babel-jest/-/babel-jest-6.0.1.tgz
59 silly fetchAndShaCheck shasum 313463ad2376d88e4b6b132644cbbcf7aa563221
60 verbose addTmpTarball /var/folders/9t/w35p820j0c97zygd6qylthcw0000gn/T/npm-28650-d57049f3/registry.npmjs.org/babel-jest/-/babel-jest-6.0.1.tgz not in flight; adding
61 verbose addTmpTarball already have metadata; skipping unpack for babel-jest@6.0.1
62 silly cache afterAdd babel-jest@6.0.1
63 verbose afterAdd /Users/ben/.npm/babel-jest/6.0.1/package/package.json not in flight; writing
64 verbose afterAdd /Users/ben/.npm/babel-jest/6.0.1/package/package.json written
65 silly install resolved [ { name: 'babel-jest',
65 silly install resolved     version: '6.0.1',
65 silly install resolved     repository:
65 silly install resolved      { type: 'git',
65 silly install resolved        url: 'git+https://github.com/babel/babel-jest.git' },
65 silly install resolved     dependencies: { 'babel-core': '^6.0.0' },
65 silly install resolved     gitHead: '7443a96c3b88005bebcb5b1a89af02f8e8f692b4',
65 silly install resolved     description: '[Babel](https://github.com/babel/babel) [jest](https://github.com/facebook/jest) plugin',
65 silly install resolved     bugs: { url: 'https://github.com/babel/babel-jest/issues' },
65 silly install resolved     homepage: 'https://github.com/babel/babel-jest#readme',
65 silly install resolved     _id: 'babel-jest@6.0.1',
65 silly install resolved     scripts: {},
65 silly install resolved     _shasum: '313463ad2376d88e4b6b132644cbbcf7aa563221',
65 silly install resolved     _from: 'babel-jest@latest',
65 silly install resolved     _npmVersion: '3.3.10',
65 silly install resolved     _nodeVersion: '4.1.0',
65 silly install resolved     _npmUser: { name: 'sebmck', email: 'sebmck@gmail.com' },
65 silly install resolved     dist:
65 silly install resolved      { shasum: '313463ad2376d88e4b6b132644cbbcf7aa563221',
65 silly install resolved        tarball: 'http://registry.npmjs.org/babel-jest/-/babel-jest-6.0.1.tgz' },
65 silly install resolved     maintainers: [ [Object] ],
65 silly install resolved     directories: {},
65 silly install resolved     _resolved: 'https://registry.npmjs.org/babel-jest/-/babel-jest-6.0.1.tgz' } ]
66 info install babel-jest@6.0.1 into /Users/ben/git/side-projects/react/react-server-experiment
67 info installOne babel-jest@6.0.1
68 verbose installOne of babel-jest to /Users/ben/git/side-projects/react/react-server-experiment not in flight; installing
69 warn locking Error: EACCES: permission denied, open '/Users/ben/.npm/_locks/babel-jest-37b1f38556c95d3c.lock'
69 warn locking     at Error (native)
69 warn locking  /Users/ben/.npm/_locks/babel-jest-37b1f38556c95d3c.lock failed { [Error: EACCES: permission denied, open '/Users/ben/.npm/_locks/babel-jest-37b1f38556c95d3c.lock']
69 warn locking   errno: -13,
69 warn locking   code: 'EACCES',
69 warn locking   syscall: 'open',
69 warn locking   path: '/Users/ben/.npm/_locks/babel-jest-37b1f38556c95d3c.lock' }
70 verbose stack Error: Attempt to unlock /Users/ben/git/side-projects/react/react-server-experiment/node_modules/babel-jest, which hasn't been locked
70 verbose stack     at unlock (/usr/local/lib/node_modules/npm/lib/utils/locker.js:64:11)
70 verbose stack     at cb (/usr/local/lib/node_modules/npm/lib/install.js:1018:5)
70 verbose stack     at /usr/local/lib/node_modules/npm/lib/install.js:1022:20
70 verbose stack     at /usr/local/lib/node_modules/npm/lib/utils/locker.js:39:7
70 verbose stack     at cb (/usr/local/lib/node_modules/npm/node_modules/lockfile/lockfile.js:149:38)
70 verbose stack     at /usr/local/lib/node_modules/npm/node_modules/lockfile/lockfile.js:177:38
70 verbose stack     at /usr/local/lib/node_modules/npm/node_modules/graceful-fs/graceful-fs.js:230:16
70 verbose stack     at FSReqWrap.oncomplete (fs.js:82:15)
71 verbose cwd /Users/ben/git/side-projects/react/react-server-experiment/src
72 error Darwin 15.0.0
73 error argv "/usr/local/bin/node" "/usr/local/bin/npm" "install" "babel-jest" "--save-dev"
74 error node v4.2.4
75 error npm  v2.14.12
76 error Attempt to unlock /Users/ben/git/side-projects/react/react-server-experiment/node_modules/babel-jest, which hasn't been locked
77 error If you need help, you may report this error at:
77 error     <https://github.com/npm/npm/issues>
78 verbose exit [ 1, true ]
